<?xml version="1.0" encoding="UTF-8"?>
<testsuite xmlns:xsi="http://www.w3.org/2001/XMLSchema-instance" xsi:noNamespaceSchemaLocation="https://maven.apache.org/surefire/maven-surefire-plugin/xsd/surefire-test-report-3.0.xsd" version="3.0" name="org.ea.finance.onlinebankingapp.OnlineBankingAppTests" time="2.229" tests="1" errors="0" skipped="0" failures="0">
  <properties>
[...]
</properties>
  <testcase name="contextLoads" classname="org.ea.finance.onlinebankingapp.OnlineBankingAppTests" time="0.923">
    <system-out><![CDATA[02:33:38.836 [main] INFO org.springframework.test.context.support.AnnotationConfigContextLoaderUtils -- Could not detect default configuration classes for test class [org.ea.finance.onlinebankingapp.OnlineBankingAppTests]: OnlineBankingAppTests does not declare any static, non-private, non-final, nested classes annotated with @Configuration.
02:33:38.932 [main] INFO org.springframework.boot.test.context.SpringBootTestContextBootstrapper -- Found @SpringBootConfiguration org.ea.finance.onlinebankingapp.OnlineBankingApplication for test class org.ea.finance.onlinebankingapp.OnlineBankingAppTests

  .   ____          _            __ _ _
 /\\ / ___'_ __ _ _(_)_ __  __ _ \ \ \ \
( ( )\___ | '_ | '_| | '_ \/ _` | \ \ \ \
 \\/  ___)| |_)| | | | | || (_| |  ) ) ) )
  '  |____| .__|_| |_|_| |_\__, | / / / /
 =========|_|==============|___/=/_/_/_/
 :: Spring Boot ::                (v3.2.5)

2024-05-20T02:33:39.403+01:00  INFO 4084 --- [OnlineBankingApp] [           main] o.e.f.o.OnlineBankingAppTests            : Starting OnlineBankingAppTests using Java 17.0.10 with PID 4084 (started by erhan in D:\IntellijProjects\OnlineBankingApp)
2024-05-20T02:33:39.405+01:00  INFO 4084 --- [OnlineBankingApp] [           main] o.e.f.o.OnlineBankingAppTests            : No active profile set, falling back to 1 default profile: "default"
2024-05-20T02:33:39.959+01:00  INFO 4084 --- [OnlineBankingApp] [           main] o.e.f.o.OnlineBankingAppTests            : Started OnlineBankingAppTests in 0.868 seconds (process running for 1.824)
]]></system-out>
  </testcase>
</testsuite>